2019-10-24 22:18:08,709 INFO [root] [test_employee.py(build_add_emp_data:26)] - build_add_emp_data=[('tom997', '13012340997', 200, True, 10000, '操作成功')]
2019-10-24 22:18:08,718 INFO [root] [test_employee.py(build_query_emp_data:41)] - build_query_emp_data=[(200, True, 10000, '操作成功')]
2019-10-24 22:18:08,725 INFO [root] [test_employee.py(build_update_emp_data:57)] - build_update_emp_data=[('tom999-new', 200, True, 10000, '操作成功')]
2019-10-24 22:18:08,731 INFO [root] [test_employee.py(build_delete_emp_data:72)] - build_delete_emp_data=[(200, True, 10000, '操作成功')]
2019-10-24 22:18:08,746 INFO [root] [test_login.py(build_data:25)] - test_data=[('13800000002', '123456', 200, True, 10000, '操作成功')]
2019-10-24 22:18:08,781 INFO [root] [test_login.py(test_login:39)] - param mobile=13800000002 password=123456 status_code=200 success=True code=10000 message=操作成功
2019-10-24 22:18:08,781 INFO [root] [login.py(login:12)] - param mobile=13800000002 password=123456
2019-10-24 22:18:08,848 INFO [root] [test_login.py(test_login:46)] - login response data={'success': True, 'code': 10000, 'message': '操作成功！', 'data': '9410cb7b-9bfd-4a0b-b9d3-9679c8c94765'}
2019-10-24 22:18:08,848 INFO [root] [test_login.py(test_login:61)] - token=Bearer 9410cb7b-9bfd-4a0b-b9d3-9679c8c94765
2019-10-24 22:18:08,848 INFO [root] [test_login.py(test_login:62)] - headers={'Content-Type': 'application/json', 'Authorization': 'Bearer 9410cb7b-9bfd-4a0b-b9d3-9679c8c94765'}
2019-10-24 22:18:08,993 INFO [root] [test_employee.py(test01_add_emp:93)] - add emp data={'success': True, 'code': 10000, 'message': '操作成功！', 'data': {'id': '1187372711005212672'}}
2019-10-24 22:18:09,021 INFO [root] [test_employee.py(test02_query_emp:110)] - query emp data={'success': True, 'code': 10000, 'message': '操作成功！', 'data': {'id': '1187372711005212672', 'mobile': '13012340997', 'username': 'tom997', 'password': 'cceab0676970218192422aed32d99a90', 'enableState': 1, 'createTime': None, 'companyId': '1', 'companyName': '传智播客', 'departmentId': '1066240656856453120', 'timeOfEntry': '2019-07-01T00:00:00.000+0000', 'formOfEmployment': 1, 'workNumber': '1322131', 'formOfManagement': None, 'workingCity': None, 'correctionTime': '2019-11-30T00:00:00.000+0000', 'inServiceStatus': None, 'departmentName': '开发部', 'roleIds': [], 'staffPhoto': None}}
2019-10-24 22:18:09,059 INFO [root] [test_employee.py(test03_update_emp:125)] - update emp data={'success': True, 'code': 10000, 'message': '操作成功！', 'data': {'id': '1187372711005212672'}}
2019-10-24 22:18:11,389 INFO [root] [test_employee.py(test04_delete_emp:149)] - delete emp data={'success': True, 'code': 10000, 'message': '操作成功！', 'data': None}
2019-10-24 22:19:05,512 INFO [root] [test_employee.py(build_add_emp_data:26)] - build_add_emp_data=[('tom997', '13012340997', 200, True, 10000, '操作成功')]
2019-10-24 22:19:05,518 INFO [root] [test_employee.py(build_query_emp_data:41)] - build_query_emp_data=[(200, True, 10000, '操作成功')]
2019-10-24 22:19:05,524 INFO [root] [test_employee.py(build_update_emp_data:57)] - build_update_emp_data=[('tom999-new', 200, True, 10000, '操作成功')]
2019-10-24 22:19:05,530 INFO [root] [test_employee.py(build_delete_emp_data:72)] - build_delete_emp_data=[(200, True, 10000, '操作成功')]
2019-10-24 22:19:05,538 INFO [root] [test_login.py(build_data:25)] - test_data=[('13800000002', '123456', 200, True, 10000, '操作成功')]
2019-10-24 22:19:05,544 INFO [root] [test_login.py(test_login:39)] - param mobile=13800000002 password=123456 status_code=200 success=True code=10000 message=操作成功
2019-10-24 22:19:05,544 INFO [root] [login.py(login:12)] - param mobile=13800000002 password=123456
2019-10-24 22:19:05,576 INFO [root] [test_login.py(test_login:46)] - login response data={'success': True, 'code': 10000, 'message': '操作成功！', 'data': '9beb3ad0-4557-47c2-9cbe-c3138ababcfa'}
2019-10-24 22:19:05,576 INFO [root] [test_login.py(test_login:61)] - token=Bearer 9beb3ad0-4557-47c2-9cbe-c3138ababcfa
2019-10-24 22:19:05,577 INFO [root] [test_login.py(test_login:62)] - headers={'Content-Type': 'application/json', 'Authorization': 'Bearer 9beb3ad0-4557-47c2-9cbe-c3138ababcfa'}
2019-10-24 22:19:05,601 INFO [root] [test_employee.py(test01_add_emp:93)] - add emp data={'success': True, 'code': 10000, 'message': '操作成功！', 'data': {'id': '1187372948906135552'}}
2019-10-24 22:19:05,622 INFO [root] [test_employee.py(test02_query_emp:110)] - query emp data={'success': True, 'code': 10000, 'message': '操作成功！', 'data': {'id': '1187372948906135552', 'mobile': '13012340997', 'username': 'tom997', 'password': 'cceab0676970218192422aed32d99a90', 'enableState': 1, 'createTime': None, 'companyId': '1', 'companyName': '传智播客', 'departmentId': '1066240656856453120', 'timeOfEntry': '2019-07-01T00:00:00.000+0000', 'formOfEmployment': 1, 'workNumber': '1322131', 'formOfManagement': None, 'workingCity': None, 'correctionTime': '2019-11-30T00:00:00.000+0000', 'inServiceStatus': None, 'departmentName': '开发部', 'roleIds': [], 'staffPhoto': None}}
2019-10-24 22:19:05,645 INFO [root] [test_employee.py(test03_update_emp:125)] - update emp data={'success': True, 'code': 10000, 'message': '操作成功！', 'data': {'id': '1187372948906135552'}}
2019-10-24 22:19:07,706 INFO [root] [test_employee.py(test04_delete_emp:149)] - delete emp data={'success': True, 'code': 10000, 'message': '操作成功！', 'data': None}
2019-10-24 22:21:01,997 INFO [root] [test_employee.py(build_add_emp_data:26)] - build_add_emp_data=[('tom997', '13012340997', 200, True, 10000, '操作成功')]
2019-10-24 22:21:02,025 INFO [root] [test_employee.py(build_query_emp_data:41)] - build_query_emp_data=[(200, True, 10000, '操作成功')]
2019-10-24 22:21:02,031 INFO [root] [test_employee.py(build_update_emp_data:57)] - build_update_emp_data=[('tom999-new', 200, True, 10000, '操作成功')]
2019-10-24 22:21:02,038 INFO [root] [test_employee.py(build_delete_emp_data:72)] - build_delete_emp_data=[(200, True, 10000, '操作成功')]
2019-10-24 22:21:02,047 INFO [root] [test_login.py(build_data:25)] - test_data=[('13800000002', '123456', 200, True, 10000, '操作成功')]
2019-10-24 22:21:02,052 INFO [root] [test_login.py(test_login:39)] - param mobile=13800000002 password=123456 status_code=200 success=True code=10000 message=操作成功
2019-10-24 22:21:02,053 INFO [root] [login.py(login:12)] - param mobile=13800000002 password=123456
2019-10-24 22:21:02,095 INFO [root] [test_login.py(test_login:46)] - login response data={'success': True, 'code': 10000, 'message': '操作成功！', 'data': 'f8ee0e83-cc4c-48c2-ac3e-fc3762ff2860'}
2019-10-24 22:21:02,095 INFO [root] [test_login.py(test_login:61)] - token=Bearer f8ee0e83-cc4c-48c2-ac3e-fc3762ff2860
2019-10-24 22:21:02,096 INFO [root] [test_login.py(test_login:62)] - headers={'Content-Type': 'application/json', 'Authorization': 'Bearer f8ee0e83-cc4c-48c2-ac3e-fc3762ff2860'}
2019-10-24 22:21:02,127 INFO [root] [test_employee.py(test01_add_emp:93)] - add emp data={'success': True, 'code': 10000, 'message': '操作成功！', 'data': {'id': '1187373437639020544'}}
2019-10-24 22:21:02,155 INFO [root] [test_employee.py(test02_query_emp:110)] - query emp data={'success': True, 'code': 10000, 'message': '操作成功！', 'data': {'id': '1187373437639020544', 'mobile': '13012340997', 'username': 'tom997', 'password': 'cceab0676970218192422aed32d99a90', 'enableState': 1, 'createTime': None, 'companyId': '1', 'companyName': '传智播客', 'departmentId': '1066240656856453120', 'timeOfEntry': '2019-07-01T00:00:00.000+0000', 'formOfEmployment': 1, 'workNumber': '1322131', 'formOfManagement': None, 'workingCity': None, 'correctionTime': '2019-11-30T00:00:00.000+0000', 'inServiceStatus': None, 'departmentName': '开发部', 'roleIds': [], 'staffPhoto': None}}
2019-10-24 22:21:02,179 INFO [root] [test_employee.py(test03_update_emp:125)] - update emp data={'success': True, 'code': 10000, 'message': '操作成功！', 'data': {'id': '1187373437639020544'}}
2019-10-24 22:21:02,239 INFO [root] [test_employee.py(test04_delete_emp:149)] - delete emp data={'success': True, 'code': 10000, 'message': '操作成功！', 'data': None}
2019-10-24 22:21:28,359 INFO [root] [test_employee.py(build_add_emp_data:26)] - build_add_emp_data=[('tom997', '13012340997', 200, True, 10000, '操作成功')]
2019-10-24 22:21:28,365 INFO [root] [test_employee.py(build_query_emp_data:41)] - build_query_emp_data=[(200, True, 10000, '操作成功')]
2019-10-24 22:21:28,371 INFO [root] [test_employee.py(build_update_emp_data:57)] - build_update_emp_data=[('tom999-new', 200, True, 10000, '操作成功')]
2019-10-24 22:21:28,377 INFO [root] [test_employee.py(build_delete_emp_data:72)] - build_delete_emp_data=[(200, True, 10000, '操作成功')]
2019-10-24 22:21:28,386 INFO [root] [test_login.py(build_data:25)] - test_data=[('13800000002', '123456', 200, True, 10000, '操作成功')]
2019-10-24 22:21:28,393 INFO [root] [test_login.py(test_login:39)] - param mobile=13800000002 password=123456 status_code=200 success=True code=10000 message=操作成功
2019-10-24 22:21:28,393 INFO [root] [login.py(login:12)] - param mobile=13800000002 password=123456
2019-10-24 22:21:28,447 INFO [root] [test_login.py(test_login:46)] - login response data={'success': True, 'code': 10000, 'message': '操作成功！', 'data': 'ceae98a1-f173-4261-91b6-de85b09a9060'}
2019-10-24 22:21:28,448 INFO [root] [test_login.py(test_login:61)] - token=Bearer ceae98a1-f173-4261-91b6-de85b09a9060
2019-10-24 22:21:28,448 INFO [root] [test_login.py(test_login:62)] - headers={'Content-Type': 'application/json', 'Authorization': 'Bearer ceae98a1-f173-4261-91b6-de85b09a9060'}
2019-10-24 22:21:28,499 INFO [root] [test_employee.py(test01_add_emp:93)] - add emp data={'success': True, 'code': 10000, 'message': '操作成功！', 'data': {'id': '1187373548226039808'}}
2019-10-24 22:21:28,524 INFO [root] [test_employee.py(test02_query_emp:110)] - query emp data={'success': True, 'code': 10000, 'message': '操作成功！', 'data': {'id': '1187373548226039808', 'mobile': '13012340997', 'username': 'tom997', 'password': 'cceab0676970218192422aed32d99a90', 'enableState': 1, 'createTime': None, 'companyId': '1', 'companyName': '传智播客', 'departmentId': '1066240656856453120', 'timeOfEntry': '2019-07-01T00:00:00.000+0000', 'formOfEmployment': 1, 'workNumber': '1322131', 'formOfManagement': None, 'workingCity': None, 'correctionTime': '2019-11-30T00:00:00.000+0000', 'inServiceStatus': None, 'departmentName': '开发部', 'roleIds': [], 'staffPhoto': None}}
2019-10-24 22:21:28,564 INFO [root] [test_employee.py(test03_update_emp:125)] - update emp data={'success': True, 'code': 10000, 'message': '操作成功！', 'data': {'id': '1187373548226039808'}}
2019-10-24 22:21:28,635 INFO [root] [test_employee.py(test04_delete_emp:149)] - delete emp data={'success': True, 'code': 10000, 'message': '操作成功！', 'data': None}
2019-10-24 22:23:43,363 INFO [root] [test_employee.py(build_add_emp_data:26)] - build_add_emp_data=[('tom997', '13012340997', 200, True, 10000, '操作成功')]
2019-10-24 22:23:43,369 INFO [root] [test_employee.py(build_query_emp_data:41)] - build_query_emp_data=[(200, True, 10000, '操作成功')]
2019-10-24 22:23:43,375 INFO [root] [test_employee.py(build_update_emp_data:57)] - build_update_emp_data=[('tom999-new', 200, True, 10000, '操作成功')]
2019-10-24 22:23:43,381 INFO [root] [test_employee.py(build_delete_emp_data:72)] - build_delete_emp_data=[(200, True, 10000, '操作成功')]
2019-10-24 22:23:43,388 INFO [root] [test_login.py(build_data:25)] - test_data=[('13800000002', '123456', 200, True, 10000, '操作成功')]
2019-10-24 22:23:43,393 INFO [root] [test_login.py(test_login:39)] - param mobile=13800000002 password=123456 status_code=200 success=True code=10000 message=操作成功
2019-10-24 22:23:43,394 INFO [root] [login.py(login:12)] - param mobile=13800000002 password=123456
2019-10-24 22:23:43,430 INFO [root] [test_login.py(test_login:46)] - login response data={'success': True, 'code': 10000, 'message': '操作成功！', 'data': 'ccced49d-62fa-4e94-bec0-ec104e6fb79a'}
2019-10-24 22:23:43,430 INFO [root] [test_login.py(test_login:61)] - token=Bearer ccced49d-62fa-4e94-bec0-ec104e6fb79a
2019-10-24 22:23:43,430 INFO [root] [test_login.py(test_login:62)] - headers={'Content-Type': 'application/json', 'Authorization': 'Bearer ccced49d-62fa-4e94-bec0-ec104e6fb79a'}
2019-10-24 22:23:43,454 INFO [root] [test_employee.py(test01_add_emp:93)] - add emp data={'success': True, 'code': 10000, 'message': '操作成功！', 'data': {'id': '1187374114314473472'}}
2019-10-24 22:23:43,477 INFO [root] [test_employee.py(test02_query_emp:110)] - query emp data={'success': True, 'code': 10000, 'message': '操作成功！', 'data': {'id': '1187374114314473472', 'mobile': '13012340997', 'username': 'tom997', 'password': 'cceab0676970218192422aed32d99a90', 'enableState': 1, 'createTime': None, 'companyId': '1', 'companyName': '传智播客', 'departmentId': '1066240656856453120', 'timeOfEntry': '2019-07-01T00:00:00.000+0000', 'formOfEmployment': 1, 'workNumber': '1322131', 'formOfManagement': None, 'workingCity': None, 'correctionTime': '2019-11-30T00:00:00.000+0000', 'inServiceStatus': None, 'departmentName': '开发部', 'roleIds': [], 'staffPhoto': None}}
2019-10-24 22:23:43,501 INFO [root] [test_employee.py(test03_update_emp:125)] - update emp data={'success': True, 'code': 10000, 'message': '操作成功！', 'data': {'id': '1187374114314473472'}}
2019-10-24 22:23:43,576 INFO [root] [test_employee.py(test04_delete_emp:152)] - delete emp data={'success': True, 'code': 10000, 'message': '操作成功！', 'data': None}
